<?xml version="1.0" encoding="UTF-8"?>
<testsuites name="jest tests" tests="8" failures="0" time="4.972">
  <testsuite name="deploymentWatcher" errors="0" failures="0" skipped="0" timestamp="2020-10-16T03:30:10" time="4.913" tests="8">
    <testcase classname="deploymentWatcher constructor is well constructed" name="deploymentWatcher constructor is well constructed" time="0.007">
    </testcase>
    <testcase classname="deploymentWatcher getDesiredVersionOrNull gets null" name="deploymentWatcher getDesiredVersionOrNull gets null" time="0.002">
    </testcase>
    <testcase classname="deploymentWatcher getDesiredVersionOrNull gets the desired version" name="deploymentWatcher getDesiredVersionOrNull gets the desired version" time="0.001">
    </testcase>
    <testcase classname="deploymentWatcher _getCurrentImageSpecsForDeployment gets a list of image specs for a deployment" name="deploymentWatcher _getCurrentImageSpecsForDeployment gets a list of image specs for a deployment" time="0.002">
    </testcase>
    <testcase classname="deploymentWatcher _getCurrentImageSpecsForDeployment returns an empty list when there are no image specs found" name="deploymentWatcher _getCurrentImageSpecsForDeployment returns an empty list when there are no image specs found" time="0.001">
    </testcase>
    <testcase classname="deploymentWatcher _getDesiredVersionForImageSpecs returns null when there are no imagespecs" name="deploymentWatcher _getDesiredVersionForImageSpecs returns null when there are no imagespecs" time="0.003">
    </testcase>
    <testcase classname="deploymentWatcher _getDesiredVersionForImageSpecs queries the imageWatcherClient for a desired version and returns a newer image" name="deploymentWatcher _getDesiredVersionForImageSpecs queries the imageWatcherClient for a desired version and returns a newer image" time="0.001">
    </testcase>
    <testcase classname="deploymentWatcher _getDesiredVersionForImageSpecs returns null if there is no newer image" name="deploymentWatcher _getDesiredVersionForImageSpecs returns null if there is no newer image" time="0.002">
    </testcase>
  </testsuite>
</testsuites>